2025-07-25 20:52:21,447 - INFO - [ATTACK] 🚀 Starting bidirectional ARP poisoning & TCP socket intercepting & dropping
2025-07-25 20:52:21,448 - INFO - [ATTACK] 🔧 TCP Mode: DROP
2025-07-25 20:52:21,449 - INFO - [ATTACK] Attacker MAC: d4:1b:81:20:a1:f3
2025-07-25 20:52:21,450 - INFO - [SETUP] Enabling IP forwarding
2025-07-25 20:52:21,453 - INFO - [SETUP] ✅ IP forwarding enabled successfully
2025-07-25 20:52:21,455 - INFO - [ARP-POISON] 🎯 Starting continuous bidirectional ARP poisoning
2025-07-25 20:52:21,455 - INFO - [SETUP] Setting up iptables rule for bidirectional packet interception
2025-07-25 20:52:21,456 - INFO - [ARP-POISON] Interval: 2 seconds
2025-07-25 20:52:21,457 - INFO - [ARP-POISON] Targets: laptop ↔ phone
2025-07-25 20:52:21,470 - INFO - [SETUP] ✅ iptables NFQUEUE rule successfully added
2025-07-25 20:52:21,471 - INFO - [MITM] 🚀 Bidirectional TCP Socket interception system started
2025-07-25 20:52:21,473 - INFO - [MITM] ❌ Intercepting and dropping socket traffic on ports: [9999, 8080, 12345, 22, 23, 21]
2025-07-25 20:52:21,474 - INFO - [MITM] 🎯 Target 1: laptop (192.168.68.125) - laptop
2025-07-25 20:52:21,475 - INFO - [MITM] 🎯 Target 2: phone (192.168.68.111) - phone
2025-07-25 20:52:21,475 - INFO - [MITM] 🌐 Gateway: gateway (192.168.68.1) - router
2025-07-25 20:52:21,475 - INFO - [MITM] 🔧 Mode: DROP
2025-07-25 20:52:21,476 - INFO - [MITM] ❌ Aggressive blocking - all target packets dropped
2025-07-25 20:52:21,476 - INFO - [MITM] 🛑 Press Ctrl+C to stop and cleanup
2025-07-25 20:52:30,157 - INFO - [ARP-POISON] Sent 30 poison packets
2025-07-25 20:52:40,843 - INFO - [ARP-POISON] Sent 60 poison packets
2025-07-25 20:52:51,506 - INFO - [ARP-POISON] Sent 90 poison packets
2025-07-25 20:53:02,184 - INFO - [ARP-POISON] Sent 120 poison packets
2025-07-25 20:53:12,820 - INFO - [ARP-POISON] Sent 150 poison packets
2025-07-25 20:53:23,492 - INFO - [ARP-POISON] Sent 180 poison packets
2025-07-25 20:53:31,883 - INFO - 
[CLEANUP] 🧹 Starting cleanup process...
2025-07-25 20:53:31,884 - INFO - [CLEANUP] Restoring ARP tables...
2025-07-25 20:53:32,043 - INFO - [ARP-RESTORE] Restored ARP tables for laptop, phone, and gateway
2025-07-25 20:53:32,044 - INFO - [CLEANUP] Disabling IP forwarding
2025-07-25 20:53:32,047 - INFO - [CLEANUP] Removing iptables rules...
2025-07-25 20:53:32,063 - INFO - [CLEANUP] ✅ Cleanup complete
2025-07-25 20:53:32,064 - INFO - [CLEANUP] Removing iptables rules...
2025-07-25 22:21:40,853 - INFO - [ATTACK] 🚀 Starting bidirectional ARP poisoning & TCP socket intercepting & dropping
2025-07-25 22:21:40,854 - INFO - [ATTACK] 🔧 TCP Mode: DROP
2025-07-25 22:21:40,855 - INFO - [ATTACK] Attacker MAC: d4:1b:81:20:a1:f3
2025-07-25 22:21:40,856 - INFO - [SETUP] Enabling IP forwarding
2025-07-25 22:21:40,860 - INFO - [SETUP] ✅ IP forwarding enabled successfully
2025-07-25 22:21:40,861 - INFO - [ARP-POISON] 🎯 Starting continuous bidirectional ARP poisoning
2025-07-25 22:21:40,861 - INFO - [SETUP] Setting up iptables rule for bidirectional packet interception
2025-07-25 22:21:40,862 - INFO - [ARP-POISON] Interval: 2 seconds
2025-07-25 22:21:40,864 - INFO - [ARP-POISON] Targets: phone ↔ phone
2025-07-25 22:21:40,876 - INFO - [SETUP] ✅ iptables NFQUEUE rule successfully added
2025-07-25 22:21:40,878 - INFO - [MITM] 🚀 Bidirectional TCP Socket interception system started
2025-07-25 22:21:40,882 - INFO - [MITM] ❌ Intercepting and dropping socket traffic on ports: [9999, 8080, 12345, 22, 23, 21]
2025-07-25 22:21:40,883 - INFO - [MITM] 🎯 Target 1: phone (192.168.68.201) - phone
2025-07-25 22:21:40,884 - INFO - [MITM] 🎯 Target 2: phone (192.168.68.201) - phone
2025-07-25 22:21:40,885 - INFO - [MITM] 🌐 Gateway: laptop (192.168.68.125) - laptop
2025-07-25 22:21:40,886 - INFO - [MITM] 🔧 Mode: DROP
2025-07-25 22:21:40,886 - INFO - [MITM] ❌ Aggressive blocking - all target packets dropped
2025-07-25 22:21:40,887 - INFO - [MITM] 🛑 Press Ctrl+C to stop and cleanup
2025-07-25 22:21:45,566 - INFO - 
[CLEANUP] 🧹 Starting cleanup process...
2025-07-25 22:21:45,567 - INFO - [CLEANUP] Restoring ARP tables...
2025-07-25 22:21:45,701 - INFO - [ARP-RESTORE] Restored ARP tables for phone, phone, and laptop
2025-07-25 22:21:45,702 - INFO - [CLEANUP] Disabling IP forwarding
2025-07-25 22:21:45,705 - INFO - [CLEANUP] Removing iptables rules...
2025-07-25 22:21:45,717 - INFO - [CLEANUP] ✅ Cleanup complete
2025-07-25 22:21:45,718 - INFO - [CLEANUP] Removing iptables rules...
2025-07-25 22:21:51,290 - INFO - [ATTACK] 🚀 Starting bidirectional ARP poisoning & TCP socket intercepting & dropping
2025-07-25 22:21:51,292 - INFO - [ATTACK] 🔧 TCP Mode: DROP
2025-07-25 22:21:51,292 - INFO - [ATTACK] Attacker MAC: d4:1b:81:20:a1:f3
2025-07-25 22:21:51,293 - INFO - [SETUP] Enabling IP forwarding
2025-07-25 22:21:51,297 - INFO - [SETUP] ✅ IP forwarding enabled successfully
2025-07-25 22:21:51,298 - INFO - [ARP-POISON] 🎯 Starting continuous bidirectional ARP poisoning
2025-07-25 22:21:51,299 - INFO - [SETUP] Setting up iptables rule for bidirectional packet interception
2025-07-25 22:21:51,299 - INFO - [ARP-POISON] Interval: 2 seconds
2025-07-25 22:21:51,300 - INFO - [ARP-POISON] Targets: phone ↔ phone
2025-07-25 22:21:51,316 - INFO - [SETUP] ✅ iptables NFQUEUE rule successfully added
2025-07-25 22:21:51,317 - INFO - [MITM] 🚀 Bidirectional TCP Socket interception system started
2025-07-25 22:21:51,317 - INFO - [MITM] ❌ Intercepting and dropping socket traffic on ports: [9999, 8080, 12345, 22, 23, 21]
2025-07-25 22:21:51,318 - INFO - [MITM] 🎯 Target 1: phone (192.168.68.201) - phone
2025-07-25 22:21:51,318 - INFO - [MITM] 🎯 Target 2: phone (192.168.68.201) - phone
2025-07-25 22:21:51,318 - INFO - [MITM] 🌐 Gateway: laptop (192.168.68.125) - laptop
2025-07-25 22:21:51,319 - INFO - [MITM] 🔧 Mode: DROP
2025-07-25 22:21:51,319 - INFO - [MITM] ❌ Aggressive blocking - all target packets dropped
2025-07-25 22:21:51,319 - INFO - [MITM] 🛑 Press Ctrl+C to stop and cleanup
2025-07-25 22:21:53,871 - INFO - [DROP] ❌ 22:21:53 | phone → Gateway | 192.168.68.201:41082 → 192.168.68.125:9999
2025-07-25 22:21:53,872 - INFO - [DROP] 🚫 DROPPED: 'hi'
2025-07-25 22:21:53,872 - INFO - [DROP] ✂️  Packet intercepted and discarded
2025-07-25 22:21:54,047 - INFO - [DROP] ❌ 22:21:54 | phone → Gateway | 192.168.68.201:41082 → 192.168.68.125:9999
2025-07-25 22:21:54,048 - INFO - [DROP] 🚫 DROPPED: 'hi'
2025-07-25 22:21:54,048 - INFO - [DROP] ✂️  Packet intercepted and discarded
2025-07-25 22:21:54,229 - INFO - [DROP] ❌ 22:21:54 | phone → Gateway | 192.168.68.201:41082 → 192.168.68.125:9999
2025-07-25 22:21:54,230 - INFO - [DROP] 🚫 DROPPED: 'hi'
2025-07-25 22:21:54,231 - INFO - [DROP] ✂️  Packet intercepted and discarded
2025-07-25 22:21:54,707 - INFO - [DROP] ❌ 22:21:54 | phone → Gateway | 192.168.68.201:41082 → 192.168.68.125:9999
2025-07-25 22:21:54,707 - INFO - [DROP] 🚫 DROPPED: 'hi'
2025-07-25 22:21:54,708 - INFO - [DROP] ✂️  Packet intercepted and discarded
2025-07-25 22:21:55,607 - INFO - [DROP] ❌ 22:21:55 | phone → Gateway | 192.168.68.201:41082 → 192.168.68.125:9999
2025-07-25 22:21:55,608 - INFO - [DROP] 🚫 DROPPED: 'hi'
2025-07-25 22:21:55,609 - INFO - [DROP] ✂️  Packet intercepted and discarded
2025-07-25 22:21:56,694 - INFO - 
[CLEANUP] 🧹 Starting cleanup process...
2025-07-25 22:21:56,695 - INFO - [CLEANUP] Restoring ARP tables...
2025-07-25 22:21:56,843 - INFO - [ARP-RESTORE] Restored ARP tables for phone, phone, and laptop
2025-07-25 22:21:56,843 - INFO - [CLEANUP] Disabling IP forwarding
2025-07-25 22:21:56,846 - INFO - [CLEANUP] Removing iptables rules...
2025-07-25 22:21:56,864 - INFO - [CLEANUP] ✅ Cleanup complete
2025-07-25 22:21:56,865 - INFO - [CLEANUP] Removing iptables rules...
2025-07-25 22:22:40,320 - INFO - [ATTACK] 🚀 Starting bidirectional ARP poisoning & TCP socket intercepting & modifying
2025-07-25 22:22:40,321 - INFO - [ATTACK] 🔧 TCP Mode: TAMPER
2025-07-25 22:22:40,322 - INFO - [ATTACK] Attacker MAC: d4:1b:81:20:a1:f3
2025-07-25 22:22:40,322 - INFO - [SETUP] Enabling IP forwarding
2025-07-25 22:22:40,325 - INFO - [SETUP] ✅ IP forwarding enabled successfully
2025-07-25 22:22:40,327 - INFO - [ARP-POISON] 🎯 Starting continuous bidirectional ARP poisoning
2025-07-25 22:22:40,328 - INFO - [SETUP] Setting up iptables rule for bidirectional packet interception
2025-07-25 22:22:40,328 - INFO - [ARP-POISON] Interval: 2 seconds
2025-07-25 22:22:40,330 - INFO - [ARP-POISON] Targets: phone ↔ phone
2025-07-25 22:22:40,342 - INFO - [SETUP] ✅ iptables NFQUEUE rule successfully added
2025-07-25 22:22:40,343 - INFO - [MITM] 🚀 Bidirectional TCP Socket interception system started
2025-07-25 22:22:40,344 - INFO - [MITM] 🔧 Intercepting and modifying socket traffic on ports: [9999, 8080, 12345, 22, 23, 21]
2025-07-25 22:22:40,346 - INFO - [MITM] 🎯 Target 1: phone (192.168.68.201) - phone
2025-07-25 22:22:40,346 - INFO - [MITM] 🎯 Target 2: phone (192.168.68.201) - phone
2025-07-25 22:22:40,347 - INFO - [MITM] 🌐 Gateway: laptop (192.168.68.125) - laptop
2025-07-25 22:22:40,349 - INFO - [MITM] 🔧 Mode: TAMPER
2025-07-25 22:22:40,350 - INFO - [MITM] 🔀 Modifications: {'hello': 'HACK!', 'hi': 'NO', 'secret': 'PUBLIC', 'username': 'GARBAGE', 'password': 'GARBAGE', 'admin': 'GUEST', 'error': 'ALERT', 'login': 'ENTER', 'token': 'BADGE', 'abort': 'RETRY', 'accept': 'REJECT', 'delete': 'CREATE', 'access': 'DENIED', 'secure': 'PUBLIC', 'verify': 'IGNORE', 'server': 'CLIENT', 'upload': 'BACKUP', 'logout': 'LOGIN!', 'getkey': 'SETVAL', 'update': 'REBOOT', 'welcome': 'GETOUT!'}
2025-07-25 22:22:40,351 - INFO - [MITM] 💡 Modifications preserve TCP packet sizes
2025-07-25 22:22:40,352 - INFO - [MITM] 🛑 Press Ctrl+C to stop and cleanup
2025-07-25 22:22:44,839 - INFO - [TAMPER] 🔧 22:22:44 | phone → Gateway | 192.168.68.201:41082 → 192.168.68.125:9999
2025-07-25 22:22:44,840 - INFO - [TAMPER] 📨 Original: 'hello'
2025-07-25 22:22:44,841 - INFO - [TAMPER] 🎯 Modified: 'HACK!'
2025-07-25 22:22:44,845 - INFO - [TAMPER] ✅ Message successfully modified and forwarded!
2025-07-25 22:22:46,798 - INFO - 
[CLEANUP] 🧹 Starting cleanup process...
2025-07-25 22:22:46,799 - INFO - [CLEANUP] Restoring ARP tables...
2025-07-25 22:22:46,959 - INFO - [ARP-RESTORE] Restored ARP tables for phone, phone, and laptop
2025-07-25 22:22:46,960 - INFO - [CLEANUP] Disabling IP forwarding
2025-07-25 22:22:46,963 - INFO - [CLEANUP] Removing iptables rules...
2025-07-25 22:22:46,976 - INFO - [CLEANUP] ✅ Cleanup complete
2025-07-25 22:22:46,976 - INFO - [CLEANUP] Removing iptables rules...
